# JRE version: OpenJDK Runtime Environment Temurin-21.0.12.1+1 (21.0.12.1+1) (build 21.0.12.1+1-LTS)
# Java VM: OpenJDK 64-Bit Server VM Temurin-21.0.12.1+1 (21.0.12.1+1-LTS, mixed mode, sharing, tiered, compressed oops, compressed class ptrs, parallel gc, windows-amd64)
GC Precious Log:
 CardTable entry size: 512
 CPUs: 2 total, 2 available
 Memory: 3902M
 Large Page Support: Disabled
 NUMA Support: Disabled
 Compressed Oops: Enabled (Zero based)
 Alignments: Space 512K, Generation 512K, Heap 2M
 Heap Min Capacity: 100M
 Heap Initial Capacity: 100M
 Heap Max Capacity: 4G
 Pre-touch: Disabled
 Parallel Workers: 2
Heap:
 PSYoungGen      total 26112K, used 13108K [0x00000007aab00000, 0x00000007ac800000, 0x0000000800000000)
  eden space 22528K, 54% used [0x00000007aab00000,0x00000007ab6f36a8,0x00000007ac100000)
  from space 3584K, 24% used [0x00000007ac200000,0x00000007ac2d9c28,0x00000007ac580000)
  to   space 2048K, 0% used [0x00000007ac600000,0x00000007ac600000,0x00000007ac800000)
 ParOldGen       total 68608K, used 16425K [0x0000000700000000, 0x0000000704300000, 0x00000007aab00000)
  object space 68608K, 23% used [0x0000000700000000,0x000000070100a458,0x0000000704300000)
 Metaspace       used 31622K, committed 32640K, reserved 1114112K
  class space    used 3250K, committed 3712K, reserved 1048576K
GC Heap History (20 events):
Event: 21.042 GC heap before
{Heap before GC invocations=3 (full 0):
 PSYoungGen      total 29696K, used 29680K [0x00000007aab00000, 0x00000007acc00000, 0x0000000800000000)
  eden space 25600K, 100% used [0x00000007aab00000,0x00000007ac400000,0x00000007ac400000)
  from space 4096K, 99% used [0x00000007ac800000,0x00000007acbfc148,0x00000007acc00000)
  to   space 4096K, 0% used [0x00000007ac400000,0x00000007ac400000,0x00000007ac800000)
 ParOldGen       total 68608K, used 1946K [0x0000000700000000, 0x0000000704300000, 0x00000007aab00000)
  object space 68608K, 2% used [0x0000000700000000,0x00000007001e69f0,0x0000000704300000)
 Metaspace       used 9524K, committed 9856K, reserved 1114112K
  class space    used 1010K, committed 1152K, reserved 1048576K
}
Event: 21.058 GC heap after
{Heap after GC invocations=3 (full 0):
 PSYoungGen      total 29696K, used 4071K [0x00000007aab00000, 0x00000007acc00000, 0x0000000800000000)
  eden space 25600K, 0% used [0x00000007aab00000,0x00000007aab00000,0x00000007ac400000)
  from space 4096K, 99% used [0x00000007ac400000,0x00000007ac7f9ef0,0x00000007ac800000)
  to   space 4096K, 0% used [0x00000007ac800000,0x00000007ac800000,0x00000007acc00000)
 ParOldGen       total 68608K, used 4734K [0x0000000700000000, 0x0000000704300000, 0x00000007aab00000)
  object space 68608K, 6% used [0x0000000700000000,0x000000070049fb80,0x0000000704300000)
 Metaspace       used 9524K, committed 9856K, reserved 1114112K
  class space    used 1010K, committed 1152K, reserved 1048576K
}
Event: 24.906 GC heap before
{Heap before GC invocations=4 (full 0):
 PSYoungGen      total 29696K, used 29671K [0x00000007aab00000, 0x00000007acc00000, 0x0000000800000000)
  eden space 25600K, 100% used [0x00000007aab00000,0x00000007ac400000,0x00000007ac400000)
  from space 4096K, 99% used [0x00000007ac400000,0x00000007ac7f9ef0,0x00000007ac800000)
  to   space 4096K, 0% used [0x00000007ac800000,0x00000007ac800000,0x00000007acc00000)
 ParOldGen       total 68608K, used 4734K [0x0000000700000000, 0x0000000704300000, 0x00000007aab00000)
  object space 68608K, 6% used [0x0000000700000000,0x000000070049fb80,0x0000000704300000)
 Metaspace       used 11719K, committed 12096K, reserved 1114112K
  class space    used 1233K, committed 1408K, reserved 1048576K
}
Event: 24.920 GC heap after
{Heap after GC invocations=4 (full 0):
 PSYoungGen      total 29696K, used 4067K [0x00000007aab00000, 0x00000007acc00000, 0x0000000800000000)
  eden space 25600K, 0% used [0x00000007aab00000,0x00000007aab00000,0x00000007ac400000)
  from space 4096K, 99% used [0x00000007ac800000,0x00000007acbf8d48,0x00000007acc00000)
  to   space 4096K, 0% used [0x00000007ac400000,0x00000007ac400000,0x00000007ac800000)
 ParOldGen       total 68608K, used 6347K [0x0000000700000000, 0x0000000704300000, 0x00000007aab00000)
  object space 68608K, 9% used [0x0000000700000000,0x0000000700632db8,0x0000000704300000)
 Metaspace       used 11719K, committed 12096K, reserved 1114112K
  class space    used 1233K, committed 1408K, reserved 1048576K
}
Event: 28.263 GC heap before
{Heap before GC invocations=5 (full 0):
 PSYoungGen      total 29696K, used 29667K [0x00000007aab00000, 0x00000007acc00000, 0x0000000800000000)
  eden space 25600K, 100% used [0x00000007aab00000,0x00000007ac400000,0x00000007ac400000)
  from space 4096K, 99% used [0x00000007ac800000,0x00000007acbf8d48,0x00000007acc00000)
  to   space 4096K, 0% used [0x00000007ac400000,0x00000007ac400000,0x00000007ac800000)
 ParOldGen       total 68608K, used 6347K [0x0000000700000000, 0x0000000704300000, 0x00000007aab00000)
  object space 68608K, 9% used [0x0000000700000000,0x0000000700632db8,0x0000000704300000)
 Metaspace       used 15751K, committed 16384K, reserved 1114112K
  class space    used 1627K, committed 1920K, reserved 1048576K
}
Event: 28.276 GC heap after
{Heap after GC invocations=5 (full 0):
 PSYoungGen      total 29184K, used 4073K [0x00000007aab00000, 0x00000007acf80000, 0x0000000800000000)
  eden space 25088K, 0% used [0x00000007aab00000,0x00000007aab00000,0x00000007ac380000)
  from space 4096K, 99% used [0x00000007ac400000,0x00000007ac7fa4e8,0x00000007ac800000)
  to   space 6144K, 0% used [0x00000007ac980000,0x00000007ac980000,0x00000007acf80000)
 ParOldGen       total 68608K, used 7785K [0x0000000700000000, 0x0000000704300000, 0x00000007aab00000)
  object space 68608K, 11% used [0x0000000700000000,0x000000070079a4b0,0x0000000704300000)
 Metaspace       used 15751K, committed 16384K, reserved 1114112K
  class space    used 1627K, committed 1920K, reserved 1048576K
}
Event: 34.249 GC heap before
{Heap before GC invocations=6 (full 0):
 PSYoungGen      total 29184K, used 29161K [0x00000007aab00000, 0x00000007acf80000, 0x0000000800000000)
  eden space 25088K, 100% used [0x00000007aab00000,0x00000007ac380000,0x00000007ac380000)
  from space 4096K, 99% used [0x00000007ac400000,0x00000007ac7fa4e8,0x00000007ac800000)
  to   space 6144K, 0% used [0x00000007ac980000,0x00000007ac980000,0x00000007acf80000)
 ParOldGen       total 68608K, used 7785K [0x0000000700000000, 0x0000000704300000, 0x00000007aab00000)
  object space 68608K, 11% used [0x0000000700000000,0x000000070079a4b0,0x0000000704300000)
 Metaspace       used 18910K, committed 19712K, reserved 1114112K
  class space    used 1978K, committed 2304K, reserved 1048576K
}
Event: 34.261 GC heap after
{Heap after GC invocations=6 (full 0):
 PSYoungGen      total 29184K, used 4527K [0x00000007aab00000, 0x00000007ace00000, 0x0000000800000000)
  eden space 24576K, 0% used [0x00000007aab00000,0x00000007aab00000,0x00000007ac300000)
  from space 4608K, 98% used [0x00000007ac980000,0x00000007acdebf98,0x00000007ace00000)
  to   space 5120K, 0% used [0x00000007ac400000,0x00000007ac400000,0x00000007ac900000)
 ParOldGen       total 68608K, used 7793K [0x0000000700000000, 0x0000000704300000, 0x00000007aab00000)
  object space 68608K, 11% used [0x0000000700000000,0x000000070079c4b0,0x0000000704300000)
 Metaspace       used 18910K, committed 19712K, reserved 1114112K
  class space    used 1978K, committed 2304K, reserved 1048576K
}
Event: 35.088 GC heap before
{Heap before GC invocations=7 (full 0):
 PSYoungGen      total 29184K, used 22676K [0x00000007aab00000, 0x00000007ace00000, 0x0000000800000000)
  eden space 24576K, 73% used [0x00000007aab00000,0x00000007abcb90f8,0x00000007ac300000)
  from space 4608K, 98% used [0x00000007ac980000,0x00000007acdebf98,0x00000007ace00000)
  to   space 5120K, 0% used [0x00000007ac400000,0x00000007ac400000,0x00000007ac900000)
 ParOldGen       total 68608K, used 7793K [0x0000000700000000, 0x0000000704300000, 0x00000007aab00000)
  object space 68608K, 11% used [0x0000000700000000,0x000000070079c4b0,0x0000000704300000)
 Metaspace       used 20684K, committed 21504K, reserved 1114112K
  class space    used 2198K, committed 2560K, reserved 1048576K
}
Event: 35.101 GC heap after
{Heap after GC invocations=7 (full 0):
 PSYoungGen      total 28672K, used 3984K [0x00000007aab00000, 0x00000007acc00000, 0x0000000800000000)
  eden space 24576K, 0% used [0x00000007aab00000,0x00000007aab00000,0x00000007ac300000)
  from space 4096K, 97% used [0x00000007ac400000,0x00000007ac7e4300,0x00000007ac800000)
  to   space 4096K, 0% used [0x00000007ac800000,0x00000007ac800000,0x00000007acc00000)
 ParOldGen       total 68608K, used 9432K [0x0000000700000000, 0x0000000704300000, 0x00000007aab00000)
  object space 68608K, 13% used [0x0000000700000000,0x0000000700936178,0x0000000704300000)
 Metaspace       used 20684K, committed 21504K, reserved 1114112K
  class space    used 2198K, committed 2560K, reserved 1048576K
}
Event: 35.101 GC heap before
{Heap before GC invocations=8 (full 1):
 PSYoungGen      total 28672K, used 3984K [0x00000007aab00000, 0x00000007acc00000, 0x0000000800000000)
  eden space 24576K, 0% used [0x00000007aab00000,0x00000007aab00000,0x00000007ac300000)
  from space 4096K, 97% used [0x00000007ac400000,0x00000007ac7e4300,0x00000007ac800000)
  to   space 4096K, 0% used [0x00000007ac800000,0x00000007ac800000,0x00000007acc00000)
 ParOldGen       total 68608K, used 9432K [0x0000000700000000, 0x0000000704300000, 0x00000007aab00000)
  object space 68608K, 13% used [0x0000000700000000,0x0000000700936178,0x0000000704300000)
 Metaspace       used 20684K, committed 21504K, reserved 1114112K
  class space    used 2198K, committed 2560K, reserved 1048576K
}
Event: 35.209 GC heap after
{Heap after GC invocations=8 (full 1):
 PSYoungGen      total 28672K, used 0K [0x00000007aab00000, 0x00000007acc00000, 0x0000000800000000)
  eden space 24576K, 0% used [0x00000007aab00000,0x00000007aab00000,0x00000007ac300000)
  from space 4096K, 0% used [0x00000007ac400000,0x00000007ac400000,0x00000007ac800000)
  to   space 4096K, 0% used [0x00000007ac800000,0x00000007ac800000,0x00000007acc00000)
 ParOldGen       total 68608K, used 12971K [0x0000000700000000, 0x0000000704300000, 0x00000007aab00000)
  object space 68608K, 18% used [0x0000000700000000,0x0000000700caaeb8,0x0000000704300000)
 Metaspace       used 20672K, committed 21504K, reserved 1114112K
  class space    used 2195K, committed 2560K, reserved 1048576K
}
Event: 36.179 GC heap before
{Heap before GC invocations=9 (full 1):
 PSYoungGen      total 28672K, used 24576K [0x00000007aab00000, 0x00000007acc00000, 0x0000000800000000)
  eden space 24576K, 100% used [0x00000007aab00000,0x00000007ac300000,0x00000007ac300000)
  from space 4096K, 0% used [0x00000007ac400000,0x00000007ac400000,0x00000007ac800000)
  to   space 4096K, 0% used [0x00000007ac800000,0x00000007ac800000,0x00000007acc00000)
 ParOldGen       total 68608K, used 12971K [0x0000000700000000, 0x0000000704300000, 0x00000007aab00000)
  object space 68608K, 18% used [0x0000000700000000,0x0000000700caaeb8,0x0000000704300000)
 Metaspace       used 22643K, committed 23552K, reserved 1114112K
  class space    used 2377K, committed 2752K, reserved 1048576K
}
Event: 36.183 GC heap after
{Heap after GC invocations=9 (full 1):
 PSYoungGen      total 26624K, used 2195K [0x00000007aab00000, 0x00000007aca80000, 0x0000000800000000)
  eden space 24064K, 0% used [0x00000007aab00000,0x00000007aab00000,0x00000007ac280000)
  from space 2560K, 85% used [0x00000007ac800000,0x00000007aca24d98,0x00000007aca80000)
  to   space 3072K, 0% used [0x00000007ac480000,0x00000007ac480000,0x00000007ac780000)
 ParOldGen       total 68608K, used 12979K [0x0000000700000000, 0x0000000704300000, 0x00000007aab00000)
  object space 68608K, 18% used [0x0000000700000000,0x0000000700caceb8,0x0000000704300000)
 Metaspace       used 22643K, committed 23552K, reserved 1114112K
  class space    used 2377K, committed 2752K, reserved 1048576K
}
Event: 37.278 GC heap before
{Heap before GC invocations=10 (full 1):
 PSYoungGen      total 26624K, used 26259K [0x00000007aab00000, 0x00000007aca80000, 0x0000000800000000)
  eden space 24064K, 100% used [0x00000007aab00000,0x00000007ac280000,0x00000007ac280000)
  from space 2560K, 85% used [0x00000007ac800000,0x00000007aca24d98,0x00000007aca80000)
  to   space 3072K, 0% used [0x00000007ac480000,0x00000007ac480000,0x00000007ac780000)
 ParOldGen       total 68608K, used 12979K [0x0000000700000000, 0x0000000704300000, 0x00000007aab00000)
  object space 68608K, 18% used [0x0000000700000000,0x0000000700caceb8,0x0000000704300000)
 Metaspace       used 26317K, committed 27328K, reserved 1114112K
  class space    used 2661K, committed 3072K, reserved 1048576K
}
Event: 37.286 GC heap after
{Heap after GC invocations=10 (full 1):
 PSYoungGen      total 26624K, used 3053K [0x00000007aab00000, 0x00000007ac900000, 0x0000000800000000)
  eden space 23552K, 0% used [0x00000007aab00000,0x00000007aab00000,0x00000007ac200000)
  from space 3072K, 99% used [0x00000007ac480000,0x00000007ac77b620,0x00000007ac780000)
  to   space 1536K, 0% used [0x00000007ac780000,0x00000007ac780000,0x00000007ac900000)
 ParOldGen       total 68608K, used 13179K [0x0000000700000000, 0x0000000704300000, 0x00000007aab00000)
  object space 68608K, 19% used [0x0000000700000000,0x0000000700cdec30,0x0000000704300000)
 Metaspace       used 26317K, committed 27328K, reserved 1114112K
  class space    used 2661K, committed 3072K, reserved 1048576K
}
Event: 38.528 GC heap before
{Heap before GC invocations=11 (full 1):
 PSYoungGen      total 26624K, used 26605K [0x00000007aab00000, 0x00000007ac900000, 0x0000000800000000)
  eden space 23552K, 100% used [0x00000007aab00000,0x00000007ac200000,0x00000007ac200000)
  from space 3072K, 99% used [0x00000007ac480000,0x00000007ac77b620,0x00000007ac780000)
  to   space 1536K, 0% used [0x00000007ac780000,0x00000007ac780000,0x00000007ac900000)
 ParOldGen       total 68608K, used 13179K [0x0000000700000000, 0x0000000704300000, 0x00000007aab00000)
  object space 68608K, 19% used [0x0000000700000000,0x0000000700cdec30,0x0000000704300000)
 Metaspace       used 28967K, committed 29952K, reserved 1114112K
  class space    used 2949K, committed 3392K, reserved 1048576K
}
Event: 38.534 GC heap after
{Heap after GC invocations=11 (full 1):
 PSYoungGen      total 24576K, used 1531K [0x00000007aab00000, 0x00000007ac900000, 0x0000000800000000)
  eden space 23040K, 0% used [0x00000007aab00000,0x00000007aab00000,0x00000007ac180000)
  from space 1536K, 99% used [0x00000007ac780000,0x00000007ac8feda0,0x00000007ac900000)
  to   space 3584K, 0% used [0x00000007ac200000,0x00000007ac200000,0x00000007ac580000)
 ParOldGen       total 68608K, used 15025K [0x0000000700000000, 0x0000000704300000, 0x00000007aab00000)
  object space 68608K, 21% used [0x0000000700000000,0x0000000700eac758,0x0000000704300000)
 Metaspace       used 28967K, committed 29952K, reserved 1114112K
  class space    used 2949K, committed 3392K, reserved 1048576K
}
Event: 41.313 GC heap before
{Heap before GC invocations=12 (full 1):
 PSYoungGen      total 24576K, used 24571K [0x00000007aab00000, 0x00000007ac900000, 0x0000000800000000)
  eden space 23040K, 100% used [0x00000007aab00000,0x00000007ac180000,0x00000007ac180000)
  from space 1536K, 99% used [0x00000007ac780000,0x00000007ac8feda0,0x00000007ac900000)
  to   space 3584K, 0% used [0x00000007ac200000,0x00000007ac200000,0x00000007ac580000)
 ParOldGen       total 68608K, used 15025K [0x0000000700000000, 0x0000000704300000, 0x00000007aab00000)
  object space 68608K, 21% used [0x0000000700000000,0x0000000700eac758,0x0000000704300000)
 Metaspace       used 30817K, committed 31808K, reserved 1114112K
  class space    used 3165K, committed 3648K, reserved 1048576K
}
Event: 41.324 GC heap after
{Heap after GC invocations=12 (full 1):
 PSYoungGen      total 26112K, used 871K [0x00000007aab00000, 0x00000007ac800000, 0x0000000800000000)
  eden space 22528K, 0% used [0x00000007aab00000,0x00000007aab00000,0x00000007ac100000)
  from space 3584K, 24% used [0x00000007ac200000,0x00000007ac2d9c28,0x00000007ac580000)
  to   space 2048K, 0% used [0x00000007ac600000,0x00000007ac600000,0x00000007ac800000)
 ParOldGen       total 68608K, used 16425K [0x0000000700000000, 0x0000000704300000, 0x00000007aab00000)
  object space 68608K, 23% used [0x0000000700000000,0x000000070100a458,0x0000000704300000)
 Metaspace       used 30817K, committed 31808K, reserved 1114112K
  class space    used 3165K, committed 3648K, reserved 1048576K
}

