# JRE version: OpenJDK Runtime Environment Temurin-21.0.12.1+1 (21.0.12.1+1) (build 21.0.12.1+1-LTS)
# Java VM: OpenJDK 64-Bit Server VM Temurin-21.0.12.1+1 (21.0.12.1+1-LTS, mixed mode, sharing, tiered, compressed oops, compressed class ptrs, parallel gc, windows-amd64)
GC Precious Log:
 CardTable entry size: 512
 CPUs: 2 total, 2 available
 Memory: 3902M
 Large Page Support: Disabled
 NUMA Support: Disabled
 Compressed Oops: Enabled (Zero based)
 Alignments: Space 512K, Generation 512K, Heap 2M
 Heap Min Capacity: 100M
 Heap Initial Capacity: 100M
 Heap Max Capacity: 4G
 Pre-touch: Disabled
 Parallel Workers: 2
Heap:
 PSYoungGen      total 17920K, used 13760K [0x00000007aab00000, 0x00000007ad200000, 0x0000000800000000)
  eden space 14336K, 71% used [0x00000007aab00000,0x00000007ab5037c0,0x00000007ab900000)
  from space 3584K, 99% used [0x00000007ac280000,0x00000007ac5fb2c8,0x00000007ac600000)
  to   space 9728K, 0% used [0x00000007ab900000,0x00000007ab900000,0x00000007ac280000)
 ParOldGen       total 83968K, used 83565K [0x0000000700000000, 0x0000000705200000, 0x00000007aab00000)
  object space 83968K, 99% used [0x0000000700000000,0x000000070519b420,0x0000000705200000)
 Metaspace       used 65864K, committed 67328K, reserved 1114112K
  class space    used 6893K, committed 7488K, reserved 1048576K
GC Heap History (20 events):
Event: 76.979 GC heap before
{Heap before GC invocations=52 (full 3):
 PSYoungGen      total 21504K, used 20480K [0x00000007aab00000, 0x00000007ac380000, 0x0000000800000000)
  eden space 20480K, 100% used [0x00000007aab00000,0x00000007abf00000,0x00000007abf00000)
  from space 1024K, 0% used [0x00000007ac280000,0x00000007ac280000,0x00000007ac380000)
  to   space 1536K, 0% used [0x00000007ac080000,0x00000007ac080000,0x00000007ac200000)
 ParOldGen       total 68608K, used 55914K [0x0000000700000000, 0x0000000704300000, 0x00000007aab00000)
  object space 68608K, 81% used [0x0000000700000000,0x000000070369a880,0x0000000704300000)
 Metaspace       used 58745K, committed 60096K, reserved 1114112K
  class space    used 6275K, committed 6848K, reserved 1048576K
}
Event: 76.984 GC heap after
{Heap after GC invocations=52 (full 3):
 PSYoungGen      total 22016K, used 1505K [0x00000007aab00000, 0x00000007ac400000, 0x0000000800000000)
  eden space 20480K, 0% used [0x00000007aab00000,0x00000007aab00000,0x00000007abf00000)
  from space 1536K, 98% used [0x00000007ac080000,0x00000007ac1f85f0,0x00000007ac200000)
  to   space 2048K, 0% used [0x00000007ac200000,0x00000007ac200000,0x00000007ac400000)
 ParOldGen       total 68608K, used 56392K [0x0000000700000000, 0x0000000704300000, 0x00000007aab00000)
  object space 68608K, 82% used [0x0000000700000000,0x00000007037120f8,0x0000000704300000)
 Metaspace       used 58745K, committed 60096K, reserved 1114112K
  class space    used 6275K, committed 6848K, reserved 1048576K
}
Event: 78.742 GC heap before
{Heap before GC invocations=53 (full 3):
 PSYoungGen      total 22016K, used 21985K [0x00000007aab00000, 0x00000007ac400000, 0x0000000800000000)
  eden space 20480K, 100% used [0x00000007aab00000,0x00000007abf00000,0x00000007abf00000)
  from space 1536K, 98% used [0x00000007ac080000,0x00000007ac1f85f0,0x00000007ac200000)
  to   space 2048K, 0% used [0x00000007ac200000,0x00000007ac200000,0x00000007ac400000)
 ParOldGen       total 68608K, used 56392K [0x0000000700000000, 0x0000000704300000, 0x00000007aab00000)
  object space 68608K, 82% used [0x0000000700000000,0x00000007037120f8,0x0000000704300000)
 Metaspace       used 59376K, committed 60800K, reserved 1114112K
  class space    used 6331K, committed 6912K, reserved 1048576K
}
Event: 78.748 GC heap after
{Heap after GC invocations=53 (full 3):
 PSYoungGen      total 22016K, used 1394K [0x00000007aab00000, 0x00000007ac380000, 0x0000000800000000)
  eden space 20480K, 0% used [0x00000007aab00000,0x00000007aab00000,0x00000007abf00000)
  from space 1536K, 90% used [0x00000007ac200000,0x00000007ac35c9b8,0x00000007ac380000)
  to   space 2048K, 0% used [0x00000007abf80000,0x00000007abf80000,0x00000007ac180000)
 ParOldGen       total 68608K, used 57905K [0x0000000700000000, 0x0000000704300000, 0x00000007aab00000)
  object space 68608K, 84% used [0x0000000700000000,0x000000070388c6e8,0x0000000704300000)
 Metaspace       used 59376K, committed 60800K, reserved 1114112K
  class space    used 6331K, committed 6912K, reserved 1048576K
}
Event: 83.166 GC heap before
{Heap before GC invocations=54 (full 3):
 PSYoungGen      total 22016K, used 21874K [0x00000007aab00000, 0x00000007ac380000, 0x0000000800000000)
  eden space 20480K, 100% used [0x00000007aab00000,0x00000007abf00000,0x00000007abf00000)
  from space 1536K, 90% used [0x00000007ac200000,0x00000007ac35c9b8,0x00000007ac380000)
  to   space 2048K, 0% used [0x00000007abf80000,0x00000007abf80000,0x00000007ac180000)
 ParOldGen       total 68608K, used 57905K [0x0000000700000000, 0x0000000704300000, 0x00000007aab00000)
  object space 68608K, 84% used [0x0000000700000000,0x000000070388c6e8,0x0000000704300000)
 Metaspace       used 60573K, committed 62016K, reserved 1114112K
  class space    used 6447K, committed 7040K, reserved 1048576K
}
Event: 83.184 GC heap after
{Heap after GC invocations=54 (full 3):
 PSYoungGen      total 22528K, used 2023K [0x00000007aab00000, 0x00000007acf00000, 0x0000000800000000)
  eden space 20480K, 0% used [0x00000007aab00000,0x00000007aab00000,0x00000007abf00000)
  from space 2048K, 98% used [0x00000007abf80000,0x00000007ac179fb0,0x00000007ac180000)
  to   space 8192K, 0% used [0x00000007ac700000,0x00000007ac700000,0x00000007acf00000)
 ParOldGen       total 68608K, used 62777K [0x0000000700000000, 0x0000000704300000, 0x00000007aab00000)
  object space 68608K, 91% used [0x0000000700000000,0x0000000703d4e738,0x0000000704300000)
 Metaspace       used 60573K, committed 62016K, reserved 1114112K
  class space    used 6447K, committed 7040K, reserved 1048576K
}
Event: 85.850 GC heap before
{Heap before GC invocations=55 (full 3):
 PSYoungGen      total 22528K, used 21732K [0x00000007aab00000, 0x00000007acf00000, 0x0000000800000000)
  eden space 20480K, 96% used [0x00000007aab00000,0x00000007abe3f3f8,0x00000007abf00000)
  from space 2048K, 98% used [0x00000007abf80000,0x00000007ac179fb0,0x00000007ac180000)
  to   space 8192K, 0% used [0x00000007ac700000,0x00000007ac700000,0x00000007acf00000)
 ParOldGen       total 68608K, used 62777K [0x0000000700000000, 0x0000000704300000, 0x00000007aab00000)
  object space 68608K, 91% used [0x0000000700000000,0x0000000703d4e738,0x0000000704300000)
 Metaspace       used 61129K, committed 62592K, reserved 1114112K
  class space    used 6474K, committed 7040K, reserved 1048576K
}
Event: 85.869 GC heap after
{Heap after GC invocations=55 (full 3):
 PSYoungGen      total 27648K, used 6824K [0x00000007aab00000, 0x00000007ace00000, 0x0000000800000000)
  eden space 20480K, 0% used [0x00000007aab00000,0x00000007aab00000,0x00000007abf00000)
  from space 7168K, 95% used [0x00000007ac700000,0x00000007acdaa398,0x00000007ace00000)
  to   space 7168K, 0% used [0x00000007ac000000,0x00000007ac000000,0x00000007ac700000)
 ParOldGen       total 68608K, used 64787K [0x0000000700000000, 0x0000000704300000, 0x00000007aab00000)
  object space 68608K, 94% used [0x0000000700000000,0x0000000703f44c30,0x0000000704300000)
 Metaspace       used 61129K, committed 62592K, reserved 1114112K
  class space    used 6474K, committed 7040K, reserved 1048576K
}
Event: 92.050 GC heap before
{Heap before GC invocations=56 (full 3):
 PSYoungGen      total 27648K, used 27221K [0x00000007aab00000, 0x00000007ace00000, 0x0000000800000000)
  eden space 20480K, 99% used [0x00000007aab00000,0x00000007abeeb198,0x00000007abf00000)
  from space 7168K, 95% used [0x00000007ac700000,0x00000007acdaa398,0x00000007ace00000)
  to   space 7168K, 0% used [0x00000007ac000000,0x00000007ac000000,0x00000007ac700000)
 ParOldGen       total 68608K, used 64787K [0x0000000700000000, 0x0000000704300000, 0x00000007aab00000)
  object space 68608K, 94% used [0x0000000700000000,0x0000000703f44c30,0x0000000704300000)
 Metaspace       used 62352K, committed 63808K, reserved 1114112K
  class space    used 6607K, committed 7168K, reserved 1048576K
}
Event: 92.069 GC heap after
{Heap after GC invocations=56 (full 3):
 PSYoungGen      total 23552K, used 2832K [0x00000007aab00000, 0x00000007ac800000, 0x0000000800000000)
  eden space 20480K, 0% used [0x00000007aab00000,0x00000007aab00000,0x00000007abf00000)
  from space 3072K, 92% used [0x00000007ac000000,0x00000007ac2c4050,0x00000007ac300000)
  to   space 4608K, 0% used [0x00000007ac380000,0x00000007ac380000,0x00000007ac800000)
 ParOldGen       total 71680K, used 71467K [0x0000000700000000, 0x0000000704600000, 0x00000007aab00000)
  object space 71680K, 99% used [0x0000000700000000,0x00000007045caec0,0x0000000704600000)
 Metaspace       used 62352K, committed 63808K, reserved 1114112K
  class space    used 6607K, committed 7168K, reserved 1048576K
}
Event: 97.603 GC heap before
{Heap before GC invocations=57 (full 3):
 PSYoungGen      total 23552K, used 23312K [0x00000007aab00000, 0x00000007ac800000, 0x0000000800000000)
  eden space 20480K, 100% used [0x00000007aab00000,0x00000007abf00000,0x00000007abf00000)
  from space 3072K, 92% used [0x00000007ac000000,0x00000007ac2c4050,0x00000007ac300000)
  to   space 4608K, 0% used [0x00000007ac380000,0x00000007ac380000,0x00000007ac800000)
 ParOldGen       total 71680K, used 71467K [0x0000000700000000, 0x0000000704600000, 0x00000007aab00000)
  object space 71680K, 99% used [0x0000000700000000,0x00000007045caec0,0x0000000704600000)
 Metaspace       used 63328K, committed 64768K, reserved 1114112K
  class space    used 6686K, committed 7296K, reserved 1048576K
}
Event: 97.620 GC heap after
{Heap after GC invocations=57 (full 3):
 PSYoungGen      total 23040K, used 2148K [0x00000007aab00000, 0x00000007ac600000, 0x0000000800000000)
  eden space 20480K, 0% used [0x00000007aab00000,0x00000007aab00000,0x00000007abf00000)
  from space 2560K, 83% used [0x00000007ac380000,0x00000007ac599178,0x00000007ac600000)
  to   space 3072K, 0% used [0x00000007ac000000,0x00000007ac000000,0x00000007ac300000)
 ParOldGen       total 74240K, used 73906K [0x0000000700000000, 0x0000000704880000, 0x00000007aab00000)
  object space 74240K, 99% used [0x0000000700000000,0x000000070482cad8,0x0000000704880000)
 Metaspace       used 63328K, committed 64768K, reserved 1114112K
  class space    used 6686K, committed 7296K, reserved 1048576K
}
Event: 102.841 GC heap before
{Heap before GC invocations=58 (full 3):
 PSYoungGen      total 23040K, used 22628K [0x00000007aab00000, 0x00000007ac600000, 0x0000000800000000)
  eden space 20480K, 100% used [0x00000007aab00000,0x00000007abf00000,0x00000007abf00000)
  from space 2560K, 83% used [0x00000007ac380000,0x00000007ac599178,0x00000007ac600000)
  to   space 3072K, 0% used [0x00000007ac000000,0x00000007ac000000,0x00000007ac300000)
 ParOldGen       total 74240K, used 73906K [0x0000000700000000, 0x0000000704880000, 0x00000007aab00000)
  object space 74240K, 99% used [0x0000000700000000,0x000000070482cad8,0x0000000704880000)
 Metaspace       used 64027K, committed 65472K, reserved 1114112K
  class space    used 6739K, committed 7360K, reserved 1048576K
}
Event: 102.851 GC heap after
{Heap after GC invocations=58 (full 3):
 PSYoungGen      total 23552K, used 2601K [0x00000007aab00000, 0x00000007ac500000, 0x0000000800000000)
  eden space 20480K, 0% used [0x00000007aab00000,0x00000007aab00000,0x00000007abf00000)
  from space 3072K, 84% used [0x00000007ac000000,0x00000007ac28a488,0x00000007ac300000)
  to   space 2048K, 0% used [0x00000007ac300000,0x00000007ac300000,0x00000007ac500000)
 ParOldGen       total 75776K, used 75419K [0x0000000700000000, 0x0000000704a00000, 0x00000007aab00000)
  object space 75776K, 99% used [0x0000000700000000,0x00000007049a6d10,0x0000000704a00000)
 Metaspace       used 64027K, committed 65472K, reserved 1114112K
  class space    used 6739K, committed 7360K, reserved 1048576K
}
Event: 106.804 GC heap before
{Heap before GC invocations=59 (full 3):
 PSYoungGen      total 23552K, used 23080K [0x00000007aab00000, 0x00000007ac500000, 0x0000000800000000)
  eden space 20480K, 99% used [0x00000007aab00000,0x00000007abeffe08,0x00000007abf00000)
  from space 3072K, 84% used [0x00000007ac000000,0x00000007ac28a488,0x00000007ac300000)
  to   space 2048K, 0% used [0x00000007ac300000,0x00000007ac300000,0x00000007ac500000)
 ParOldGen       total 75776K, used 75419K [0x0000000700000000, 0x0000000704a00000, 0x00000007aab00000)
  object space 75776K, 99% used [0x0000000700000000,0x00000007049a6d10,0x0000000704a00000)
 Metaspace       used 64459K, committed 65920K, reserved 1114112K
  class space    used 6768K, committed 7360K, reserved 1048576K
}
Event: 106.813 GC heap after
{Heap after GC invocations=59 (full 3):
 PSYoungGen      total 22528K, used 2033K [0x00000007aab00000, 0x00000007ac700000, 0x0000000800000000)
  eden space 20480K, 0% used [0x00000007aab00000,0x00000007aab00000,0x00000007abf00000)
  from space 2048K, 99% used [0x00000007ac300000,0x00000007ac4fc518,0x00000007ac500000)
  to   space 4096K, 0% used [0x00000007abf00000,0x00000007abf00000,0x00000007ac300000)
 ParOldGen       total 77312K, used 77208K [0x0000000700000000, 0x0000000704b80000, 0x00000007aab00000)
  object space 77312K, 99% used [0x0000000700000000,0x0000000704b66130,0x0000000704b80000)
 Metaspace       used 64459K, committed 65920K, reserved 1114112K
  class space    used 6768K, committed 7360K, reserved 1048576K
}
Event: 109.551 GC heap before
{Heap before GC invocations=60 (full 3):
 PSYoungGen      total 22528K, used 22513K [0x00000007aab00000, 0x00000007ac700000, 0x0000000800000000)
  eden space 20480K, 100% used [0x00000007aab00000,0x00000007abf00000,0x00000007abf00000)
  from space 2048K, 99% used [0x00000007ac300000,0x00000007ac4fc518,0x00000007ac500000)
  to   space 4096K, 0% used [0x00000007abf00000,0x00000007abf00000,0x00000007ac300000)
 ParOldGen       total 77312K, used 77208K [0x0000000700000000, 0x0000000704b80000, 0x00000007aab00000)
  object space 77312K, 99% used [0x0000000700000000,0x0000000704b66130,0x0000000704b80000)
 Metaspace       used 65485K, committed 66944K, reserved 1114112K
  class space    used 6841K, committed 7424K, reserved 1048576K
}
Event: 109.563 GC heap after
{Heap after GC invocations=60 (full 3):
 PSYoungGen      total 23552K, used 2818K [0x00000007aab00000, 0x00000007ac600000, 0x0000000800000000)
  eden space 20480K, 0% used [0x00000007aab00000,0x00000007aab00000,0x00000007abf00000)
  from space 3072K, 91% used [0x00000007abf00000,0x00000007ac1c09f8,0x00000007ac200000)
  to   space 3584K, 0% used [0x00000007ac280000,0x00000007ac280000,0x00000007ac600000)
 ParOldGen       total 78848K, used 78707K [0x0000000700000000, 0x0000000704d00000, 0x00000007aab00000)
  object space 78848K, 99% used [0x0000000700000000,0x0000000704cdccc8,0x0000000704d00000)
 Metaspace       used 65485K, committed 66944K, reserved 1114112K
  class space    used 6841K, committed 7424K, reserved 1048576K
}
Event: 115.421 GC heap before
{Heap before GC invocations=61 (full 3):
 PSYoungGen      total 23552K, used 23298K [0x00000007aab00000, 0x00000007ac600000, 0x0000000800000000)
  eden space 20480K, 100% used [0x00000007aab00000,0x00000007abf00000,0x00000007abf00000)
  from space 3072K, 91% used [0x00000007abf00000,0x00000007ac1c09f8,0x00000007ac200000)
  to   space 3584K, 0% used [0x00000007ac280000,0x00000007ac280000,0x00000007ac600000)
 ParOldGen       total 78848K, used 78707K [0x0000000700000000, 0x0000000704d00000, 0x00000007aab00000)
  object space 78848K, 99% used [0x0000000700000000,0x0000000704cdccc8,0x0000000704d00000)
 Metaspace       used 65707K, committed 67136K, reserved 1114112K
  class space    used 6863K, committed 7424K, reserved 1048576K
}
Event: 115.450 GC heap after
{Heap after GC invocations=61 (full 3):
 PSYoungGen      total 17920K, used 3564K [0x00000007aab00000, 0x00000007ad200000, 0x0000000800000000)
  eden space 14336K, 0% used [0x00000007aab00000,0x00000007aab00000,0x00000007ab900000)
  from space 3584K, 99% used [0x00000007ac280000,0x00000007ac5fb2c8,0x00000007ac600000)
  to   space 9728K, 0% used [0x00000007ab900000,0x00000007ab900000,0x00000007ac280000)
 ParOldGen       total 83968K, used 83565K [0x0000000700000000, 0x0000000705200000, 0x00000007aab00000)
  object space 83968K, 99% used [0x0000000700000000,0x000000070519b420,0x0000000705200000)
 Metaspace       used 65707K, committed 67136K, reserved 1114112K
  class space    used 6863K, committed 7424K, reserved 1048576K
}

